0 info it worked if it ends with ok
1 verbose cli [ '/usr/local/bin/node',
1 verbose cli   '/usr/local/bin/npm',
1 verbose cli   'install',
1 verbose cli   'vue-resource',
1 verbose cli   '--save-dev' ]
2 info using npm@2.15.1
3 info using node@v4.4.3
4 verbose install initial load of /Users/a498785/Documents/pimpmytoast-practice/package.json
5 verbose installManyTop reading scoped package data from /Users/a498785/Documents/pimpmytoast-practice/node_modules/babel-cli/package.json
6 verbose installManyTop reading scoped package data from /Users/a498785/Documents/pimpmytoast-practice/node_modules/babel-core/package.json
7 verbose installManyTop reading scoped package data from /Users/a498785/Documents/pimpmytoast-practice/node_modules/babel-eslint/package.json
8 verbose installManyTop reading scoped package data from /Users/a498785/Documents/pimpmytoast-practice/node_modules/babel-preset-es2015/package.json
9 verbose installManyTop reading scoped package data from /Users/a498785/Documents/pimpmytoast-practice/node_modules/bootstrap/package.json
10 verbose installManyTop reading scoped package data from /Users/a498785/Documents/pimpmytoast-practice/node_modules/eslint/package.json
11 verbose installManyTop reading scoped package data from /Users/a498785/Documents/pimpmytoast-practice/node_modules/grunt/package.json
12 verbose installManyTop reading scoped package data from /Users/a498785/Documents/pimpmytoast-practice/node_modules/grunt-babel/package.json
13 verbose installManyTop reading scoped package data from /Users/a498785/Documents/pimpmytoast-practice/node_modules/grunt-cli/package.json
14 verbose installManyTop reading scoped package data from /Users/a498785/Documents/pimpmytoast-practice/node_modules/grunt-contrib-clean/package.json
15 verbose installManyTop reading scoped package data from /Users/a498785/Documents/pimpmytoast-practice/node_modules/grunt-contrib-concat/package.json
16 verbose installManyTop reading scoped package data from /Users/a498785/Documents/pimpmytoast-practice/node_modules/grunt-contrib-cssmin/package.json
17 verbose installManyTop reading scoped package data from /Users/a498785/Documents/pimpmytoast-practice/node_modules/grunt-contrib-nodeunit/package.json
18 verbose installManyTop reading scoped package data from /Users/a498785/Documents/pimpmytoast-practice/node_modules/grunt-contrib-uglify/package.json
19 verbose installManyTop reading scoped package data from /Users/a498785/Documents/pimpmytoast-practice/node_modules/grunt-eslint/package.json
20 verbose installManyTop reading scoped package data from /Users/a498785/Documents/pimpmytoast-practice/node_modules/grunt-if/package.json
21 verbose installManyTop reading scoped package data from /Users/a498785/Documents/pimpmytoast-practice/node_modules/grunt-sass/package.json
22 verbose installManyTop reading scoped package data from /Users/a498785/Documents/pimpmytoast-practice/node_modules/http-server/package.json
23 verbose installManyTop reading scoped package data from /Users/a498785/Documents/pimpmytoast-practice/node_modules/node-sass/package.json
24 verbose installManyTop reading scoped package data from /Users/a498785/Documents/pimpmytoast-practice/node_modules/vue/package.json
25 verbose installManyTop reading scoped package data from /Users/a498785/Documents/pimpmytoast-practice/node_modules/vue-cli/package.json
26 verbose readDependencies loading dependencies from /Users/a498785/Documents/pimpmytoast-practice/package.json
27 silly cache add args [ 'vue-resource', null ]
28 verbose cache add spec vue-resource
29 silly cache add parsed spec Result {
29 silly cache add   raw: 'vue-resource',
29 silly cache add   scope: null,
29 silly cache add   name: 'vue-resource',
29 silly cache add   rawSpec: '',
29 silly cache add   spec: 'latest',
29 silly cache add   type: 'tag' }
30 silly addNamed vue-resource@latest
31 verbose addNamed "latest" is being treated as a dist-tag for vue-resource
32 info addNameTag [ 'vue-resource', 'latest' ]
33 silly mapToRegistry name vue-resource
34 silly mapToRegistry using default registry
35 silly mapToRegistry registry http://registry.npmjs.org/
36 silly mapToRegistry data Result {
36 silly mapToRegistry   raw: 'vue-resource',
36 silly mapToRegistry   scope: null,
36 silly mapToRegistry   name: 'vue-resource',
36 silly mapToRegistry   rawSpec: '',
36 silly mapToRegistry   spec: 'latest',
36 silly mapToRegistry   type: 'tag' }
37 silly mapToRegistry uri http://registry.npmjs.org/vue-resource
38 verbose addNameTag registry:http://registry.npmjs.org/vue-resource not in flight; fetching
39 verbose request uri http://registry.npmjs.org/vue-resource
40 verbose request no auth needed
41 info attempt registry request try #1 at 10:14:51 AM
42 verbose request id a60671d46f370a74
43 verbose etag "2Q45556WC43FA230HDYM3LNVI"
44 http request GET http://registry.npmjs.org/vue-resource
45 http 304 http://registry.npmjs.org/vue-resource
46 verbose headers { date: 'Mon, 02 May 2016 13:55:06 GMT',
46 verbose headers   via: '1.1 varnish',
46 verbose headers   'cache-control': 'max-age=300',
46 verbose headers   etag: '"2Q45556WC43FA230HDYM3LNVI"',
46 verbose headers   age: '195',
46 verbose headers   connection: 'keep-alive',
46 verbose headers   'x-served-by': 'cache-jfk1023-JFK',
46 verbose headers   'x-cache': 'HIT',
46 verbose headers   'x-cache-hits': '1',
46 verbose headers   'x-timer': 'S1462197306.607108,VS0,VE0',
46 verbose headers   vary: 'Accept-Encoding' }
47 silly get cb [ 304,
47 silly get   { date: 'Mon, 02 May 2016 13:55:06 GMT',
47 silly get     via: '1.1 varnish',
47 silly get     'cache-control': 'max-age=300',
47 silly get     etag: '"2Q45556WC43FA230HDYM3LNVI"',
47 silly get     age: '195',
47 silly get     connection: 'keep-alive',
47 silly get     'x-served-by': 'cache-jfk1023-JFK',
47 silly get     'x-cache': 'HIT',
47 silly get     'x-cache-hits': '1',
47 silly get     'x-timer': 'S1462197306.607108,VS0,VE0',
47 silly get     vary: 'Accept-Encoding' } ]
48 verbose etag http://registry.npmjs.org/vue-resource from cache
49 verbose get saving vue-resource to /Users/a498785/.npm/registry.npmjs.org/vue-resource/.cache.json
50 verbose correctMkdir /Users/a498785/.npm correctMkdir not in flight; initializing
51 silly addNameTag next cb for vue-resource with tag latest
52 silly addNamed vue-resource@0.7.0
53 verbose addNamed "0.7.0" is a plain semver version for vue-resource
54 silly cache afterAdd vue-resource@0.7.0
55 verbose afterAdd /Users/a498785/.npm/vue-resource/0.7.0/package/package.json not in flight; writing
56 verbose correctMkdir /Users/a498785/.npm correctMkdir not in flight; initializing
57 verbose afterAdd /Users/a498785/.npm/vue-resource/0.7.0/package/package.json written
58 silly install resolved [ { name: 'vue-resource',
58 silly install resolved     version: '0.7.0',
58 silly install resolved     description: 'A web request service for Vue.js',
58 silly install resolved     main: 'src/index.js',
58 silly install resolved     scripts:
58 silly install resolved      { build: 'webpack --config build/webpack.build.config.js',
58 silly install resolved        test: 'webpack --config test/webpack.config.js' },
58 silly install resolved     repository:
58 silly install resolved      { type: 'git',
58 silly install resolved        url: 'git+https://github.com/vuejs/vue-resource.git' },
58 silly install resolved     keywords: [ 'vue', 'vuejs', 'resource', 'mvvm' ],
58 silly install resolved     license: 'MIT',
58 silly install resolved     bugs: { url: 'https://github.com/vuejs/vue-resource/issues' },
58 silly install resolved     homepage: 'https://github.com/vuejs/vue-resource#readme',
58 silly install resolved     devDependencies: { 'jasmine-core': '^2.3.4', vue: '^1.0.14', webpack: '^1.12.11' },
58 silly install resolved     gitHead: '4f0c4cc1a283dacfff53244568825020b3931791',
58 silly install resolved     _id: 'vue-resource@0.7.0',
58 silly install resolved     _shasum: 'ea216fc7287c8a81b9f73e5f4a8bc41a5f538756',
58 silly install resolved     _from: 'vue-resource@latest',
58 silly install resolved     _npmVersion: '3.5.1',
58 silly install resolved     _nodeVersion: '4.2.3',
58 silly install resolved     _npmUser: { name: 'steffans', email: 'steffan@schiewe.me' },
58 silly install resolved     dist:
58 silly install resolved      { shasum: 'ea216fc7287c8a81b9f73e5f4a8bc41a5f538756',
58 silly install resolved        tarball: 'https://registry.npmjs.org/vue-resource/-/vue-resource-0.7.0.tgz' },
58 silly install resolved     maintainers: [ [Object], [Object] ],
58 silly install resolved     directories: {},
58 silly install resolved     _resolved: 'http://registry.npmjs.org/vue-resource/-/vue-resource-0.7.0.tgz',
58 silly install resolved     readme: 'ERROR: No README data found!' } ]
59 info install vue-resource@0.7.0 into /Users/a498785/Documents/pimpmytoast-practice
60 info installOne vue-resource@0.7.0
61 verbose installOne of vue-resource to /Users/a498785/Documents/pimpmytoast-practice not in flight; installing
62 verbose correctMkdir /Users/a498785/.npm/_locks correctMkdir not in flight; initializing
63 verbose lock using /Users/a498785/.npm/_locks/vue-resource-052b1d905b77b06f.lock for /Users/a498785/Documents/pimpmytoast-practice/node_modules/vue-resource
64 silly install write writing vue-resource 0.7.0 to /Users/a498785/Documents/pimpmytoast-practice/node_modules/vue-resource
65 verbose unbuild node_modules/vue-resource
66 silly gentlyRm /Users/a498785/Documents/pimpmytoast-practice/node_modules/vue-resource is being purged from base /Users/a498785/Documents/pimpmytoast-practice
67 verbose gentlyRm don't care about contents; nuking /Users/a498785/Documents/pimpmytoast-practice/node_modules/vue-resource
68 verbose tar unpack /Users/a498785/.npm/vue-resource/0.7.0/package.tgz
69 verbose tar unpacking to /Users/a498785/Documents/pimpmytoast-practice/node_modules/vue-resource
70 silly gentlyRm /Users/a498785/Documents/pimpmytoast-practice/node_modules/vue-resource is being purged
71 verbose gentlyRm don't care about contents; nuking /Users/a498785/Documents/pimpmytoast-practice/node_modules/vue-resource
72 silly gunzTarPerm modes [ '755', '644' ]
73 silly gunzTarPerm extractEntry package.json
74 silly gunzTarPerm extractEntry .npmignore
75 silly gunzTarPerm extractEntry README.md
76 silly gunzTarPerm extractEntry dist/vue-resource.js
77 silly gunzTarPerm extractEntry dist/vue-resource.min.js
78 silly gunzTarPerm extractEntry src/index.js
79 silly gunzTarPerm extractEntry src/promise.js
80 silly gunzTarPerm extractEntry src/resource.js
81 silly gunzTarPerm extractEntry src/util.js
82 silly gunzTarPerm extractEntry src/http/before.js
83 silly gunzTarPerm extractEntry src/http/cors.js
84 silly gunzTarPerm extractEntry src/http/header.js
85 silly gunzTarPerm extractEntry src/http/index.js
86 silly gunzTarPerm extractEntry src/http/interceptor.js
87 silly gunzTarPerm extractEntry src/http/jsonp.js
88 silly gunzTarPerm extractEntry src/http/method.js
89 silly gunzTarPerm extractEntry src/http/mime.js
90 silly gunzTarPerm extractEntry src/http/timeout.js
91 silly gunzTarPerm extractEntry src/http/client/index.js
92 silly gunzTarPerm extractEntry src/http/client/jsonp.js
93 silly gunzTarPerm extractEntry src/http/client/xdr.js
94 silly gunzTarPerm extractEntry src/http/client/xhr.js
95 silly gunzTarPerm extractEntry src/lib/promise.js
96 silly gunzTarPerm extractEntry src/lib/url-template.js
97 silly gunzTarPerm extractEntry src/url/index.js
98 silly gunzTarPerm extractEntry src/url/legacy.js
99 silly gunzTarPerm extractEntry src/url/query.js
100 silly gunzTarPerm extractEntry src/url/root.js
101 silly gunzTarPerm extractEntry src/url/template.js
102 silly gunzTarPerm extractEntry test/http.js
103 silly gunzTarPerm extractEntry test/index.js
104 silly gunzTarPerm extractEntry test/promise.js
105 silly gunzTarPerm extractEntry test/specs.js
106 silly gunzTarPerm extractEntry test/url.js
107 silly gunzTarPerm extractEntry test/webpack.config.js
108 silly gunzTarPerm extractEntry test/data/test.json
109 silly gunzTarPerm extractEntry test/index.html
110 verbose write writing to /Users/a498785/Documents/pimpmytoast-practice/node_modules/vue-resource/package.json
111 info preinstall vue-resource@0.7.0
112 verbose readDependencies loading dependencies from /Users/a498785/Documents/pimpmytoast-practice/node_modules/vue-resource/package.json
113 verbose readDependencies loading dependencies from /Users/a498785/Documents/pimpmytoast-practice/node_modules/vue-resource/package.json
114 silly install resolved []
115 verbose about to build /Users/a498785/Documents/pimpmytoast-practice/node_modules/vue-resource
116 info build /Users/a498785/Documents/pimpmytoast-practice/node_modules/vue-resource
117 info linkStuff vue-resource@0.7.0
118 silly linkStuff vue-resource@0.7.0 has /Users/a498785/Documents/pimpmytoast-practice/node_modules as its parent node_modules
119 verbose linkBins vue-resource@0.7.0
120 verbose linkMans vue-resource@0.7.0
121 verbose rebuildBundles vue-resource@0.7.0
122 info install vue-resource@0.7.0
123 info postinstall vue-resource@0.7.0
124 verbose unlock done using /Users/a498785/.npm/_locks/vue-resource-052b1d905b77b06f.lock for /Users/a498785/Documents/pimpmytoast-practice/node_modules/vue-resource
125 verbose validateInstall loading /Users/a498785/Documents/pimpmytoast-practice/package.json for validation
126 verbose stack Error: The package grunt@1.0.1 does not satisfy its siblings' peerDependencies requirements!
126 verbose stack     at /usr/local/lib/node_modules/npm/lib/install.js:125:32
126 verbose stack     at /usr/local/lib/node_modules/npm/lib/install.js:268:7
126 verbose stack     at /usr/local/lib/node_modules/npm/node_modules/read-installed/read-installed.js:142:5
126 verbose stack     at /usr/local/lib/node_modules/npm/node_modules/read-installed/read-installed.js:263:14
126 verbose stack     at cb (/usr/local/lib/node_modules/npm/node_modules/slide/lib/async-map.js:47:24)
126 verbose stack     at /usr/local/lib/node_modules/npm/node_modules/read-installed/read-installed.js:263:14
126 verbose stack     at cb (/usr/local/lib/node_modules/npm/node_modules/slide/lib/async-map.js:47:24)
126 verbose stack     at /usr/local/lib/node_modules/npm/node_modules/read-installed/read-installed.js:263:14
126 verbose stack     at cb (/usr/local/lib/node_modules/npm/node_modules/slide/lib/async-map.js:47:24)
126 verbose stack     at /usr/local/lib/node_modules/npm/node_modules/read-installed/read-installed.js:263:14
127 verbose cwd /Users/a498785/Documents/pimpmytoast-practice
128 error Darwin 12.5.0
129 error argv "/usr/local/bin/node" "/usr/local/bin/npm" "install" "vue-resource" "--save-dev"
130 error node v4.4.3
131 error npm  v2.15.1
132 error code EPEERINVALID
133 error peerinvalid The package grunt@1.0.1 does not satisfy its siblings' peerDependencies requirements!
133 error peerinvalid Peer grunt-contrib-concat@1.0.1 wants grunt@>=0.4.0
133 error peerinvalid Peer grunt-contrib-clean@1.0.0 wants grunt@>= 0.4.5
133 error peerinvalid Peer grunt-eslint@18.1.0 wants grunt@>=0.4.0
133 error peerinvalid Peer grunt-if@0.1.5 wants grunt@~0.4.5
134 verbose exit [ 1, true ]
